<?xml version="1.0" encoding="UTF-8"?>
<!-- Generated by org.testng.reporters.JUnitReportReporter -->
<testsuite hostname="DESKTOP-NLMCJCQ" failures="0" tests="2" name="testcases.TC002_LoginTest" time="4.240" errors="0" timestamp="2024-11-22T19:28:57 IST" skipped="0">
  <testcase classname="testcases.TC002_LoginTest" name="verifyLogin" time="2.310"/>
  <testcase classname="testcases.TC002_LoginTest" name="verifyLogin" time="1.930"/>
</testsuite> <!-- testcases.TC002_LoginTest -->
