<?xml version="1.0" encoding="UTF-8"?>
<!-- Generated by org.testng.reporters.JUnitReportReporter -->
<testsuite hostname="DESKTOP-NLMCJCQ" failures="0" tests="5" name="testcases.TC003_LoginDataDrivenTest" time="69.042" errors="0" timestamp="2024-11-20T18:06:51 IST" skipped="0">
  <testcase classname="testcases.TC003_LoginDataDrivenTest" name="VerifyLoginUsingDataProviders" time="2.546"/>
  <testcase classname="testcases.TC003_LoginDataDrivenTest" name="VerifyLoginUsingDataProviders" time="21.382"/>
  <testcase classname="testcases.TC003_LoginDataDrivenTest" name="VerifyLoginUsingDataProviders" time="2.592"/>
  <testcase classname="testcases.TC003_LoginDataDrivenTest" name="VerifyLoginUsingDataProviders" time="21.132"/>
  <testcase classname="testcases.TC003_LoginDataDrivenTest" name="VerifyLoginUsingDataProviders" time="21.390"/>
</testsuite> <!-- testcases.TC003_LoginDataDrivenTest -->
