<?xml version="1.0" encoding="UTF-8"?>
<!-- Generated by org.testng.reporters.JUnitReportReporter -->
<testsuite hostname="DESKTOP-NLMCJCQ" failures="0" tests="1" name="testcases.TC002_LoginTest" time="3.694" errors="0" timestamp="2024-11-23T18:20:01 IST" skipped="0">
  <testcase classname="testcases.TC002_LoginTest" name="verifyLogin" time="3.694"/>
</testsuite> <!-- testcases.TC002_LoginTest -->
