<?xml version="1.0" encoding="UTF-8"?>
<!-- Generated by org.testng.reporters.JUnitReportReporter -->
<testsuite hostname="DESKTOP-NLMCJCQ" failures="0" tests="1" name="testcases.TC001_AccountRegistrationTest" time="4.776" errors="0" timestamp="2024-11-23T18:20:01 IST" skipped="0">
  <testcase classname="testcases.TC001_AccountRegistrationTest" name="verifyAccountRegistrationTest" time="4.776"/>
</testsuite> <!-- testcases.TC001_AccountRegistrationTest -->
